forum-android/app/build/intermediates/manifest_merge_blame_file/debug/manifest-merger-blame-debug-report.txt
1<?xml version="1.0" encoding="utf-8"?>
2<manifest xmlns:android="http://schemas.android.com/apk/res/android"
3    package="com.example.forum"
4    android:versionCode="1"
5    android:versionName="1.0" >
6
7    <uses-sdk
8        android:minSdkVersion="26"
8-->src/main/AndroidManifest.xml
9        android:targetSdkVersion="31" />
9-->src/main/AndroidManifest.xml
10
11    <uses-permission android:name="android.permission.INTERNET" />
11-->src/main/AndroidManifest.xml:5:5-67
11-->src/main/AndroidManifest.xml:5:22-64
12    <uses-permission android:name="android.permission.ACCESS_NETWORK_STATE" />
12-->src/main/AndroidManifest.xml:6:5-79
12-->src/main/AndroidManifest.xml:6:22-76
13    <uses-permission android:name="android.permission.CAMERA" />
13-->src/main/AndroidManifest.xml:7:5-65
13-->src/main/AndroidManifest.xml:7:22-62
14    <uses-permission android:name="android.permission.READ_EXTERNAL_STORAGE" />
14-->src/main/AndroidManifest.xml:8:5-80
14-->src/main/AndroidManifest.xml:8:22-77
15    <uses-permission android:name="android.permission.WRITE_EXTERNAL_STORAGE" />
15-->src/main/AndroidManifest.xml:9:5-81
15-->src/main/AndroidManifest.xml:9:22-78
16
17    <application
17-->src/main/AndroidManifest.xml:11:5-75:19
18        android:name="com.example.forum.MyApplication"
18-->src/main/AndroidManifest.xml:12:9-38
19        android:allowBackup="true"
19-->src/main/AndroidManifest.xml:13:9-35
20        android:appComponentFactory="androidx.core.app.CoreComponentFactory"
20-->[androidx.core:core:1.3.1] AndroidManifest.xml:24:18-86
21        android:debuggable="true"
22        android:extractNativeLibs="false"
23        android:icon="@mipmap/icon"
23-->src/main/AndroidManifest.xml:14:9-36
24        android:label="@string/app_name"
24-->src/main/AndroidManifest.xml:15:9-41
25        android:roundIcon="@mipmap/icon"
25-->src/main/AndroidManifest.xml:16:9-41
26        android:supportsRtl="true"
26-->src/main/AndroidManifest.xml:17:9-35
27        android:testOnly="true"
28        android:theme="@style/Theme.Forum"
28-->src/main/AndroidManifest.xml:18:9-43
29        android:usesCleartextTraffic="true" >
29-->src/main/AndroidManifest.xml:19:9-44
30        <activity
30-->src/main/AndroidManifest.xml:20:9-23:55
31            android:name="com.example.forum.ui.user.UpdateUserActivity"
31-->src/main/AndroidManifest.xml:21:13-55
32            android:exported="true"
32-->src/main/AndroidManifest.xml:22:13-36
33            android:theme="@style/NoActionBarTheme" />
33-->src/main/AndroidManifest.xml:23:13-52
34        <activity
34-->src/main/AndroidManifest.xml:24:9-27:55
35            android:name="com.example.forum.ui.user.UserInfoActivity"
35-->src/main/AndroidManifest.xml:25:13-53
36            android:exported="true"
36-->src/main/AndroidManifest.xml:26:13-36
37            android:theme="@style/NoActionBarTheme" />
37-->src/main/AndroidManifest.xml:27:13-52
38        <activity
38-->src/main/AndroidManifest.xml:28:9-31:55
39            android:name="com.example.forum.ui.SettingActivity"
39-->src/main/AndroidManifest.xml:29:13-47
40            android:exported="true"
40-->src/main/AndroidManifest.xml:30:13-36
41            android:theme="@style/NoActionBarTheme" />
41-->src/main/AndroidManifest.xml:31:13-52
42        <activity
42-->src/main/AndroidManifest.xml:32:9-35:55
43            android:name="com.example.forum.ui.post.PostEditorActivity"
43-->src/main/AndroidManifest.xml:33:13-55
44            android:exported="true"
44-->src/main/AndroidManifest.xml:34:13-36
45            android:theme="@style/NoActionBarTheme" />
45-->src/main/AndroidManifest.xml:35:13-52
46        <activity
46-->src/main/AndroidManifest.xml:36:9-39:55
47            android:name="com.example.forum.ui.user.moderator.MyPlateActivity"
47-->src/main/AndroidManifest.xml:37:13-62
48            android:exported="true"
48-->src/main/AndroidManifest.xml:38:13-36
49            android:theme="@style/NoActionBarTheme" />
49-->src/main/AndroidManifest.xml:39:13-52
50        <activity
50-->src/main/AndroidManifest.xml:40:9-43:55
51            android:name="com.example.forum.ui.user.MyPostActivity"
51-->src/main/AndroidManifest.xml:41:13-51
52            android:exported="true"
52-->src/main/AndroidManifest.xml:42:13-36
53            android:theme="@style/NoActionBarTheme" />
53-->src/main/AndroidManifest.xml:43:13-52
54        <activity
54-->src/main/AndroidManifest.xml:44:9-47:55
55            android:name="com.example.forum.ui.post.PostActivity"
55-->src/main/AndroidManifest.xml:45:13-49
56            android:exported="true"
56-->src/main/AndroidManifest.xml:46:13-36
57            android:theme="@style/NoActionBarTheme" />
57-->src/main/AndroidManifest.xml:47:13-52
58        <activity
58-->src/main/AndroidManifest.xml:48:9-51:55
59            android:name="com.example.forum.ui.post.PlatePostActivity"
59-->src/main/AndroidManifest.xml:49:13-54
60            android:exported="true"
60-->src/main/AndroidManifest.xml:50:13-36
61            android:theme="@style/NoActionBarTheme" />
61-->src/main/AndroidManifest.xml:51:13-52
62        <activity
62-->src/main/AndroidManifest.xml:52:9-55:55
63            android:name="com.example.forum.ui.RegisterActivity"
63-->src/main/AndroidManifest.xml:53:13-48
64            android:exported="true"
64-->src/main/AndroidManifest.xml:54:13-36
65            android:theme="@style/NoActionBarTheme" />
65-->src/main/AndroidManifest.xml:55:13-52
66        <activity
66-->src/main/AndroidManifest.xml:56:9-59:55
67            android:name="com.example.forum.ui.LoginActivity"
67-->src/main/AndroidManifest.xml:57:13-45
68            android:exported="true"
68-->src/main/AndroidManifest.xml:58:13-36
69            android:theme="@style/NoActionBarTheme" />
69-->src/main/AndroidManifest.xml:59:13-52
70        <activity
70-->src/main/AndroidManifest.xml:60:9-64:55
71            android:name="com.example.forum.ui.MainActivity"
71-->src/main/AndroidManifest.xml:61:13-44
72            android:exported="true"
72-->src/main/AndroidManifest.xml:62:13-36
73            android:label="@string/app_name"
73-->src/main/AndroidManifest.xml:63:13-45
74            android:windowSoftInputMode="adjustPan" />
74-->src/main/AndroidManifest.xml:64:13-52
75        <activity
75-->src/main/AndroidManifest.xml:65:9-74:20
76            android:name="com.example.forum.ui.SplashActivity"
76-->src/main/AndroidManifest.xml:66:13-46
77            android:exported="true"
77-->src/main/AndroidManifest.xml:67:13-36
78            android:theme="@style/TransparentStatusBarTheme" >
78-->src/main/AndroidManifest.xml:68:13-61
79            <intent-filter>
79-->src/main/AndroidManifest.xml:69:13-73:29
80                <action android:name="android.intent.action.MAIN" />
80-->src/main/AndroidManifest.xml:70:17-69
80-->src/main/AndroidManifest.xml:70:25-66
81
82                <category android:name="android.intent.category.LAUNCHER" />
82-->src/main/AndroidManifest.xml:72:17-77
82-->src/main/AndroidManifest.xml:72:27-74
83            </intent-filter>
84        </activity>
85
86        <service
86-->[androidx.room:room-runtime:2.4.0-rc01] AndroidManifest.xml:25:9-28:40
87            android:name="androidx.room.MultiInstanceInvalidationService"
87-->[androidx.room:room-runtime:2.4.0-rc01] AndroidManifest.xml:26:13-74
88            android:directBootAware="true"
88-->[androidx.room:room-runtime:2.4.0-rc01] AndroidManifest.xml:27:13-43
89            android:exported="false" />
89-->[androidx.room:room-runtime:2.4.0-rc01] AndroidManifest.xml:28:13-37
90    </application>
91
92</manifest>